shenmatv/proguard/seeds.txt
com.shenma.tvlauncher.AboutActivity
com.shenma.tvlauncher.AboutActivity: AboutActivity()
com.shenma.tvlauncher.AboutActivity: void startCheckUpdate(android.view.View)
com.shenma.tvlauncher.AppManageActivity
com.shenma.tvlauncher.AppManageActivity: AppManageActivity()
com.shenma.tvlauncher.BaseActivity
com.shenma.tvlauncher.BaseActivity: BaseActivity()
com.shenma.tvlauncher.ClearActivity
com.shenma.tvlauncher.ClearActivity: ClearActivity()
com.shenma.tvlauncher.HomeActivity
com.shenma.tvlauncher.HomeActivity: HomeActivity()
com.shenma.tvlauncher.OtherActivity
com.shenma.tvlauncher.OtherActivity: OtherActivity()
com.shenma.tvlauncher.R$anim: int anim_enter
com.shenma.tvlauncher.R$anim: int anim_exit
com.shenma.tvlauncher.R$anim: int breathing
com.shenma.tvlauncher.R$anim: int controler_down
com.shenma.tvlauncher.R$anim: int controler_up
com.shenma.tvlauncher.R$anim: int dialog_fade_in
com.shenma.tvlauncher.R$anim: int dialog_fade_out
com.shenma.tvlauncher.R$anim: int loading_rotate
com.shenma.tvlauncher.R$anim: int menu_fade_in
com.shenma.tvlauncher.R$anim: int menu_fade_out
com.shenma.tvlauncher.R$anim: int setbig
com.shenma.tvlauncher.R$anim: int setbig2
com.shenma.tvlauncher.R$anim: int setsmall
com.shenma.tvlauncher.R$anim: int time_controler_down
com.shenma.tvlauncher.R$anim: int time_controler_up
com.shenma.tvlauncher.R$array: int about_setting_boxname
com.shenma.tvlauncher.R$array: int about_setting_item_title
com.shenma.tvlauncher.R$array: int display_setting_resolution_P_N
com.shenma.tvlauncher.R$array: int display_setting_resolution_frequency
com.shenma.tvlauncher.R$array: int display_setting_resolution_resolution
com.shenma.tvlauncher.R$array: int display_setting_resolution_title
com.shenma.tvlauncher.R$array: int network_setting_open_down
com.shenma.tvlauncher.R$array: int play_setting_decode
com.shenma.tvlauncher.R$array: int play_setting_definition
com.shenma.tvlauncher.R$array: int play_setting_jump
com.shenma.tvlauncher.R$array: int play_setting_playratio
com.shenma.tvlauncher.R$array: int setting_turn_off
com.shenma.tvlauncher.R$array: int setting_tvlive_server
com.shenma.tvlauncher.R$array: int sleep_setting_screensaver
com.shenma.tvlauncher.R$array: int sleep_setting_sleep
com.shenma.tvlauncher.R$array: int wifi_ap_secure_types
com.shenma.tvlauncher.R$array: int wifi_security
com.shenma.tvlauncher.R$array: int wifi_status
com.shenma.tvlauncher.R$array: int wifi_status_with_ssid
com.shenma.tvlauncher.R$array: int wifi_type
com.shenma.tvlauncher.R$color: int black
com.shenma.tvlauncher.R$color: int blue
com.shenma.tvlauncher.R$color: int blue_user
com.shenma.tvlauncher.R$color: int configuration_turn_off
com.shenma.tvlauncher.R$color: int configuration_turn_on
com.shenma.tvlauncher.R$color: int dark
com.shenma.tvlauncher.R$color: int dark_404040
com.shenma.tvlauncher.R$color: int detail_main_text
com.shenma.tvlauncher.R$color: int detail_point
com.shenma.tvlauncher.R$color: int green
com.shenma.tvlauncher.R$color: int player_back
com.shenma.tvlauncher.R$color: int red
com.shenma.tvlauncher.R$color: int text_focus
com.shenma.tvlauncher.R$color: int title_fouse
com.shenma.tvlauncher.R$color: int title_fouse_n
com.shenma.tvlauncher.R$color: int title_top
com.shenma.tvlauncher.R$color: int title_top_n
com.shenma.tvlauncher.R$color: int white
...
android.support.v4.view.AccessibilityDelegateCompatJellyBean$AccessibilityDelegateBridgeJellyBean
android.support.v4.view.AccessibilityDelegateCompatJellyBean$AccessibilityDelegateBridgeJellyBean: boolean dispatchPopulateAccessibilityEvent(android.view.View,android.view.accessibility.AccessibilityEvent)
android.support.v4.view.AccessibilityDelegateCompatJellyBean$AccessibilityDelegateBridgeJellyBean: void onInitializeAccessibilityEvent(android.view.View,android.view.accessibility.AccessibilityEvent)
android.support.v4.view.AccessibilityDelegateCompatJellyBean$AccessibilityDelegateBridgeJellyBean: void onInitializeAccessibilityNodeInfo(android.view.View,java.lang.Object)
android.support.v4.view.AccessibilityDelegateCompatJellyBean$AccessibilityDelegateBridgeJellyBean: void onPopulateAccessibilityEvent(android.view.View,android.view.accessibility.AccessibilityEvent)
android.support.v4.view.AccessibilityDelegateCompatJellyBean$AccessibilityDelegateBridgeJellyBean: boolean onRequestSendAccessibilityEvent(android.view.ViewGroup,android.view.View,android.view.accessibility.AccessibilityEvent)
android.support.v4.view.AccessibilityDelegateCompatJellyBean$AccessibilityDelegateBridgeJellyBean: void sendAccessibilityEvent(android.view.View,int)
android.support.v4.view.AccessibilityDelegateCompatJellyBean$AccessibilityDelegateBridgeJellyBean: void sendAccessibilityEventUnchecked(android.view.View,android.view.accessibility.AccessibilityEvent)
android.support.v4.view.GestureDetectorCompat
android.support.v4.view.GestureDetectorCompat: android.support.v4.view.GestureDetectorCompat$GestureDetectorCompatImpl mImpl
android.support.v4.view.GestureDetectorCompat: GestureDetectorCompat(android.content.Context,android.view.GestureDetector$OnGestureListener)
android.support.v4.view.GestureDetectorCompat: GestureDetectorCompat(android.content.Context,android.view.GestureDetector$OnGestureListener,android.os.Handler)
android.support.v4.view.GestureDetectorCompat: boolean isLongpressEnabled()
android.support.v4.view.GestureDetectorCompat: boolean onTouchEvent(android.view.MotionEvent)
android.support.v4.view.GestureDetectorCompat: void setIsLongpressEnabled(boolean)
android.support.v4.view.GestureDetectorCompat: void setOnDoubleTapListener(android.view.GestureDetector$OnDoubleTapListener)
android.support.v4.view.GestureDetectorCompat$GestureDetectorCompatImpl
android.support.v4.view.GestureDetectorCompat$GestureDetectorCompatImpl: boolean isLongpressEnabled()
android.support.v4.view.GestureDetectorCompat$GestureDetectorCompatImpl: boolean onTouchEvent(android.view.MotionEvent)
android.support.v4.view.GestureDetectorCompat$GestureDetectorCompatImpl: void setIsLongpressEnabled(boolean)
android.support.v4.view.GestureDetectorCompat$GestureDetectorCompatImpl: void setOnDoubleTapListener(android.view.GestureDetector$OnDoubleTapListener)