shenmatv/proguard/mapping.txt
com.shenma.tvlauncher.AboutActivity -> com.shenma.tvlauncher.AboutActivity:
    com.android.volley.RequestQueue mQueue -> a
    com.shenma.tvlauncher.utils.LruCacheUtils cacheUtils -> r
    com.android.volley.Response$Listener mSucListener -> s
    com.android.volley.Response$ErrorListener mErrListener -> t
    void onCreate(android.os.Bundle) -> onCreate
    android.graphics.Bitmap getBitMap() -> a
    void startCheckUpdate(android.view.View) -> startCheckUpdate
    void showUpdateDialog(java.lang.String,java.lang.String) -> a
    void onBackPressed() -> onBackPressed
    void access$0(com.shenma.tvlauncher.AboutActivity,java.lang.String,java.lang.String) -> a
com.shenma.tvlauncher.AboutActivity$1 -> com.shenma.tvlauncher.a:
    com.shenma.tvlauncher.AboutActivity this$0 -> a
    void onResponse(com.shenma.tvlauncher.domain.Update) -> a
    void onResponse(java.lang.Object) -> onResponse
com.shenma.tvlauncher.AboutActivity$2 -> com.shenma.tvlauncher.b:
    com.shenma.tvlauncher.AboutActivity this$0 -> a
    void onErrorResponse(com.android.volley.VolleyError) -> onErrorResponse
com.shenma.tvlauncher.AboutActivity$3 -> com.shenma.tvlauncher.c:
    com.shenma.tvlauncher.AboutActivity this$0 -> a
    java.util.Map getHeaders() -> getHeaders
com.shenma.tvlauncher.AboutActivity$4 -> com.shenma.tvlauncher.d:
    com.shenma.tvlauncher.AboutActivity this$0 -> a
    java.lang.String val$updateurl -> b
    void onClick(android.content.DialogInterface,int) -> onClick
com.shenma.tvlauncher.AboutActivity$5 -> com.shenma.tvlauncher.e:
    com.shenma.tvlauncher.AboutActivity this$0 -> a
    void onClick(android.content.DialogInterface,int) -> onClick
com.shenma.tvlauncher.AppManageActivity -> com.shenma.tvlauncher.AppManageActivity:
    int SHOW_GRIDVIEW_ITEM -> a
    android.widget.GridView my_app_manage_gv -> r
    java.util.List applist -> s
    java.util.List sysapplst -> t
    android.widget.ListView menulist -> u
    android.widget.PopupWindow menupopupWindow -> v
    java.lang.String lastFocusPkgName -> w
    android.widget.ImageView whiteBorder -> x
    int mIndex -> y
    android.os.Handler mHandler -> z
    android.widget.LinearLayout my_app_layout -> A
    android.content.BroadcastReceiver mAppUninstallReceiver -> B
    com.shenma.tvlauncher.db.DatabaseOperator dbtools -> C
    int isVis -> D
    void onCreate(android.os.Bundle) -> onCreate
    void onPause() -> onPause
    void onResume() -> onResume
    void initView() -> a
    void onBackPressed() -> onBackPressed
    void initData() -> e
    void findViewById() -> b
    void setListener() -> c
    void flyWhiteBorder(int,int,float,float) -> a
    void onDestroy() -> onDestroy
    void queryAllAppInstalled() -> f
    void queryAllSystemApp() -> g
    boolean checkIsSysApp(java.lang.String) -> a
    void onCreateMenu() -> d
    java.util.ArrayList getData(int) -> a
    boolean onKeyDown(int,android.view.KeyEvent) -> onKeyDown
    void showMenu(int) -> b
    void hideMenu() -> h
    void onItemClick(android.widget.AdapterView,android.view.View,int,long) -> onItemClick
com.shenma.tvlauncher.AppManageActivity$1 -> com.shenma.tvlauncher.f:
    com.shenma.tvlauncher.AppManageActivity this$0 -> a
    void handleMessage(android.os.Message) -> handleMessage
com.shenma.tvlauncher.AppManageActivity$2 -> com.shenma.tvlauncher.g:
    com.shenma.tvlauncher.AppManageActivity this$0 -> a
    void onReceive(android.content.Context,android.content.Intent) -> onReceive
com.shenma.tvlauncher.AppManageActivity$3 -> com.shenma.tvlauncher.h:
    com.shenma.tvlauncher.AppManageActivity this$0 -> a
    void run() -> run
com.shenma.tvlauncher.AppManageActivity$4 -> com.shenma.tvlauncher.i:
    com.shenma.tvlauncher.AppManageActivity this$0 -> a
    boolean onItemLongClick(android.widget.AdapterView,android.view.View,int,long) -> onItemLongClick
...
com.google.gson.JsonSerializer -> com.google.gson.JsonSerializer:
    com.google.gson.JsonElement serialize(java.lang.Object,java.lang.reflect.Type,com.google.gson.JsonSerializationContext) -> serialize
com.google.gson.JsonStreamParser -> com.google.gson.JsonStreamParser:
    com.google.gson.stream.JsonReader parser -> parser
    java.lang.Object lock -> lock
    com.google.gson.JsonElement next() -> next
    boolean hasNext() -> hasNext
    void remove() -> remove
    java.lang.Object next() -> next
com.google.gson.JsonSyntaxException -> com.google.gson.JsonSyntaxException:
    long serialVersionUID -> serialVersionUID
com.google.gson.LongSerializationPolicy -> com.google.gson.LongSerializationPolicy:
    com.google.gson.LongSerializationPolicy DEFAULT -> DEFAULT
    com.google.gson.LongSerializationPolicy STRING -> STRING
    com.google.gson.LongSerializationPolicy[] $VALUES -> $VALUES
    com.google.gson.LongSerializationPolicy[] values() -> values
    com.google.gson.LongSerializationPolicy valueOf(java.lang.String) -> valueOf
    com.google.gson.JsonElement serialize(java.lang.Long) -> serialize
com.google.gson.LongSerializationPolicy$1 -> com.google.gson.LongSerializationPolicy$1:
    com.google.gson.JsonElement serialize(java.lang.Long) -> serialize
com.google.gson.LongSerializationPolicy$2 -> com.google.gson.LongSerializationPolicy$2:
    com.google.gson.JsonElement serialize(java.lang.Long) -> serialize
com.google.gson.TreeTypeAdapter -> com.google.gson.TreeTypeAdapter:
    com.google.gson.JsonSerializer serializer -> serializer
    com.google.gson.JsonDeserializer deserializer -> deserializer
    com.google.gson.Gson gson -> gson
    com.google.gson.reflect.TypeToken typeToken -> typeToken
    com.google.gson.TypeAdapterFactory skipPast -> skipPast
    com.google.gson.TypeAdapter delegate -> delegate
    java.lang.Object read(com.google.gson.stream.JsonReader) -> read
    void write(com.google.gson.stream.JsonWriter,java.lang.Object) -> write
    com.google.gson.TypeAdapter delegate() -> delegate
    com.google.gson.TypeAdapterFactory newFactory(com.google.gson.reflect.TypeToken,java.lang.Object) -> newFactory
    com.google.gson.TypeAdapterFactory newFactoryWithMatchRawType(com.google.gson.reflect.TypeToken,java.lang.Object) -> newFactoryWithMatchRawType
    com.google.gson.TypeAdapterFactory newTypeHierarchyFactory(java.lang.Class,java.lang.Object) -> newTypeHierarchyFactory
com.google.gson.TreeTypeAdapter$1 -> com.google.gson.TreeTypeAdapter$1:
com.google.gson.TreeTypeAdapter$SingleTypeFactory -> com.google.gson.TreeTypeAdapter$SingleTypeFactory:
    com.google.gson.reflect.TypeToken exactType -> exactType
    boolean matchRawType -> matchRawType
    java.lang.Class hierarchyType -> hierarchyType
    com.google.gson.JsonSerializer serializer -> serializer
    com.google.gson.JsonDeserializer deserializer -> deserializer
    com.google.gson.TypeAdapter create(com.google.gson.Gson,com.google.gson.reflect.TypeToken) -> create
com.google.gson.TypeAdapter -> com.google.gson.TypeAdapter:
    void write(com.google.gson.stream.JsonWriter,java.lang.Object) -> write
    void toJson(java.io.Writer,java.lang.Object) -> toJson
    com.google.gson.TypeAdapter nullSafe() -> nullSafe
    java.lang.String toJson(java.lang.Object) -> toJson
    com.google.gson.JsonElement toJsonTree(java.lang.Object) -> toJsonTree
    java.lang.Object read(com.google.gson.stream.JsonReader) -> read
    java.lang.Object fromJson(java.io.Reader) -> fromJson
    java.lang.Object fromJson(java.lang.String) -> fromJson
    java.lang.Object fromJsonTree(com.google.gson.JsonElement) -> fromJsonTree
com.google.gson.TypeAdapter$1 -> com.google.gson.TypeAdapter$1:
    com.google.gson.TypeAdapter this$0 -> this$0
    void write(com.google.gson.stream.JsonWriter,java.lang.Object) -> write
    java.lang.Object read(com.google.gson.stream.JsonReader) -> read