shenmatv/proguard/usage.txt
com.shenma.tvlauncher.AboutActivity:
    164:164:protected void initView()
    169:169:protected void loadViewLayout()
    174:174:protected void findViewById()
    179:179:protected void setListener()
com.shenma.tvlauncher.AppManageActivity:
    private static final int REMOVE_FROM_FAV
    private static final int ADD_TO_FAV
    private static final java.lang.String TAG
    164:164:protected void loadViewLayout()
com.shenma.tvlauncher.BaseActivity:
    private static final java.lang.String TAG
    protected abstract void initView()
    protected abstract void loadViewLayout()
    protected abstract void findViewById()
    protected abstract void setListener()
    141:142:protected void openActivity(java.lang.String)
    145:152:protected void openActivity(java.lang.String,android.os.Bundle)
    180:202:protected void showExitDialog()
    234:260:private void showVolumeToast(int,int,int)
    265:273:protected void handleFatalError()
    279:287:protected void handleOutmemoryError()
com.shenma.tvlauncher.BaseActivity$1
com.shenma.tvlauncher.BaseActivity$2
com.shenma.tvlauncher.BaseActivity$3
com.shenma.tvlauncher.BaseActivity$4
com.shenma.tvlauncher.BuildConfig
com.shenma.tvlauncher.ClearActivity:
    43:43:protected void loadViewLayout()
com.shenma.tvlauncher.HomeActivity:
    private java.lang.Boolean isHasFouse
    288:300:private void initTitle(int)
com.shenma.tvlauncher.HomeActivity$WindowMessageID
com.shenma.tvlauncher.OtherActivity:
    125:125:protected void loadViewLayout()
com.shenma.tvlauncher.R
com.shenma.tvlauncher.R$anim
com.shenma.tvlauncher.R$array
com.shenma.tvlauncher.R$attr
com.shenma.tvlauncher.R$color
com.shenma.tvlauncher.R$dimen
com.shenma.tvlauncher.R$drawable
com.shenma.tvlauncher.R$id
com.shenma.tvlauncher.R$layout
com.shenma.tvlauncher.R$menu
com.shenma.tvlauncher.R$string
com.shenma.tvlauncher.R$style
com.shenma.tvlauncher.SettingActActvity:
    17:17:protected void initView()
    22:22:protected void loadViewLayout()
    27:27:protected void findViewById()
    32:32:protected void setListener()
com.shenma.tvlauncher.SettingRemoteActivity:
    82:82:protected void loadViewLayout()
    92:92:protected void setListener()
com.shenma.tvlauncher.SettingWallpaperActivity:
    104:104:protected void loadViewLayout()
com.shenma.tvlauncher.SettingWifiActivity:
    116:116:protected void loadViewLayout()
com.shenma.tvlauncher.SplashActivity:
    private static final int GET_INFO_SUCCESS
    private static final int DETECTION_NET
    protected static final java.lang.String TAG
    197:197:protected void loadViewLayout()
    215:215:protected void setListener()
    228:228:protected void initView()
com.shenma.tvlauncher.TvStationActivity:
    92:92:protected void loadViewLayout()
com.shenma.tvlauncher.UserActivity:
    private net.tsz.afinal.FinalHttp fh
com.shenma.tvlauncher.adapter.FragAdapter:
    17:18:public FragAdapter(android.support.v4.app.FragmentManager)
com.shenma.tvlauncher.adapter.TopicAdapter:
    private int index
    92:92:private int getResPX(int)
com.shenma.tvlauncher.adapter.TvStationAdapter:
    33:34:public void setData(java.util.List)
com.shenma.tvlauncher.adapter.UserTypeAdapter:
    58:60:public void changData(java.util.ArrayList)
    63:66:public void setAppData(java.util.List)
    68:74:private void setVideos(java.util.ArrayList)
com.shenma.tvlauncher.adapter.WallpaperAdapter:
    35:36:public void setData(java.util.List)
com.shenma.tvlauncher.anim.Rotate3dAnimation
com.shenma.tvlauncher.application.CrashHandler:
    private static final java.lang.String TAG
com.shenma.tvlauncher.application.MyApplication:
    private static final java.lang.String TAG
    251:253:protected void _finish()
com.shenma.tvlauncher.application.MyApplication$Config
com.shenma.tvlauncher.application.MyVolley:
    private static final java.lang.String TAG
    41:43:private MyVolley()
    59:62:public static com.android.volley.RequestQueue getRequestQueue()
...
com.forcetech.android.ForceTV:
    public native int stop()
com.forcetech.android.MainUrl
com.forcetech.android.MdUrl